lgn4
Tue Oct  1 18:49:51 2019       
+-----------------------------------------------------------------------------+
| NVIDIA-SMI 418.56       Driver Version: 418.56       CUDA Version: 10.1     |
|-------------------------------+----------------------+----------------------+
| GPU  Name        Persistence-M| Bus-Id        Disp.A | Volatile Uncorr. ECC |
| Fan  Temp  Perf  Pwr:Usage/Cap|         Memory-Usage | GPU-Util  Compute M. |
|===============================+======================+======================|
|   0  TITAN Xp            Off  | 00000000:02:00.0 Off |                  N/A |
| 53%   83C    P2   223W / 250W |    929MiB / 12195MiB |     79%      Default |
+-------------------------------+----------------------+----------------------+
|   1  TITAN Xp            Off  | 00000000:03:00.0 Off |                  N/A |
| 29%   54C    P2    61W / 250W |    717MiB / 12196MiB |      0%      Default |
+-------------------------------+----------------------+----------------------+
|   2  TITAN Xp            Off  | 00000000:82:00.0 Off |                  N/A |
| 32%   46C    P0    62W / 250W |      0MiB / 12196MiB |      0%      Default |
+-------------------------------+----------------------+----------------------+
|   3  TITAN Xp            Off  | 00000000:83:00.0 Off |                  N/A |
| 31%   44C    P0    61W / 250W |      0MiB / 12196MiB |      0%      Default |
+-------------------------------+----------------------+----------------------+
                                                                               
+-----------------------------------------------------------------------------+
| Processes:                                                       GPU Memory |
|  GPU       PID   Type   Process name                             Usage      |
|=============================================================================|
|    0     21071      C   python                                       919MiB |
|    1     17806      C   python                                       707MiB |
+-----------------------------------------------------------------------------+
