lgn4
Wed Oct  2 02:58:53 2019       
+-----------------------------------------------------------------------------+
| NVIDIA-SMI 418.56       Driver Version: 418.56       CUDA Version: 10.1     |
|-------------------------------+----------------------+----------------------+
| GPU  Name        Persistence-M| Bus-Id        Disp.A | Volatile Uncorr. ECC |
| Fan  Temp  Perf  Pwr:Usage/Cap|         Memory-Usage | GPU-Util  Compute M. |
|===============================+======================+======================|
|   0  TITAN Xp            Off  | 00000000:02:00.0 Off |                  N/A |
| 54%   85C    P2   234W / 250W |    929MiB / 12195MiB |     71%      Default |
+-------------------------------+----------------------+----------------------+
|   1  TITAN Xp            Off  | 00000000:03:00.0 Off |                  N/A |
| 31%   45C    P0    56W / 250W |      0MiB / 12196MiB |      1%      Default |
+-------------------------------+----------------------+----------------------+
|   2  TITAN Xp            Off  | 00000000:82:00.0 Off |                  N/A |
| 39%   63C    P2    81W / 250W |    249MiB / 12196MiB |      1%      Default |
+-------------------------------+----------------------+----------------------+
|   3  TITAN Xp            Off  | 00000000:83:00.0 Off |                  N/A |
| 37%   61C    P2    81W / 250W |    249MiB / 12196MiB |      0%      Default |
+-------------------------------+----------------------+----------------------+
                                                                               
+-----------------------------------------------------------------------------+
| Processes:                                                       GPU Memory |
|  GPU       PID   Type   Process name                             Usage      |
|=============================================================================|
|    0       593      C   python                                       919MiB |
|    2     18233      C   python2                                      239MiB |
|    3     18230      C   python2                                      239MiB |
+-----------------------------------------------------------------------------+
